<?xml version="1.0" encoding="UTF-8"?>
<testsuite xmlns:xsi="http://www.w3.org/2001/XMLSchema-instance" xsi:noNamespaceSchemaLocation="https://maven.apache.org/surefire/maven-surefire-plugin/xsd/surefire-test-report-3.0.xsd" version="3.0" name="com.balitechy.spacewar.main.logic.control.BulletControllerTest" time="0.098" tests="4" errors="0" skipped="0" failures="0">
  <properties>
    <property name="java.specification.version" value="24"/>
    <property name="sun.cpu.isalist" value="amd64"/>
    <property name="sonar.login" value="4201c7b11d4331266bdf7fe6f30f1c8cc0e93851"/>
    <property name="sonar.host.url" value="https://sonarcloud.io"/>
    <property name="sun.jnu.encoding" value="Cp1252"/>
    <property name="java.class.path" value="C:\UNI\Microsoft VS Code\DYAS-Construccion-de-Software-analisis\target\test-classes;C:\UNI\Microsoft VS Code\DYAS-Construccion-de-Software-analisis\target\classes;C:\Users\juand\.m2\repository\org\junit\jupiter\junit-jupiter-api\5.6.0\junit-jupiter-api-5.6.0.jar;C:\Users\juand\.m2\repository\org\apiguardian\apiguardian-api\1.1.0\apiguardian-api-1.1.0.jar;C:\Users\juand\.m2\repository\org\opentest4j\opentest4j\1.2.0\opentest4j-1.2.0.jar;C:\Users\juand\.m2\repository\org\junit\platform\junit-platform-commons\1.6.0\junit-platform-commons-1.6.0.jar;C:\Users\juand\.m2\repository\org\junit\jupiter\junit-jupiter-params\5.6.0\junit-jupiter-params-5.6.0.jar;C:\Users\juand\.m2\repository\org\junit\jupiter\junit-jupiter-engine\5.6.0\junit-jupiter-engine-5.6.0.jar;C:\Users\juand\.m2\repository\org\junit\platform\junit-platform-engine\1.6.0\junit-platform-engine-1.6.0.jar;C:\Users\juand\.m2\repository\org\mockito\mockito-core\2.2.5\mockito-core-2.2.5.jar;C:\Users\juand\.m2\repository\net\bytebuddy\byte-buddy\1.4.33\byte-buddy-1.4.33.jar;C:\Users\juand\.m2\repository\net\bytebuddy\byte-buddy-agent\1.4.33\byte-buddy-agent-1.4.33.jar;C:\Users\juand\.m2\repository\org\objenesis\objenesis\2.4\objenesis-2.4.jar;"/>
    <property name="java.vm.vendor" value="Oracle Corporation"/>
    <property name="sun.arch.data.model" value="64"/>
    <property name="user.variant" value=""/>
    <property name="java.vendor.url" value="https://java.oracle.com/"/>
    <property name="user.timezone" value="America/Bogota"/>
    <property name="os.name" value="Windows 11"/>
    <property name="java.vm.specification.version" value="24"/>
    <property name="sun.java.launcher" value="SUN_STANDARD"/>
    <property name="user.country" value="CO"/>
    <property name="sun.boot.library.path" value="C:\Program Files\Java\jdk-24\bin"/>
    <property name="sun.java.command" value="C:\Users\juand\AppData\Local\Temp\surefire8979405838692841980\surefirebooter-20250513103605181_3.jar C:\Users\juand\AppData\Local\Temp\surefire8979405838692841980 2025-05-13T10-36-04_997-jvmRun1 surefire-20250513103605181_1tmp surefire_0-20250513103605181_2tmp"/>
    <property name="jdk.debug" value="release"/>
    <property name="surefire.test.class.path" value="C:\UNI\Microsoft VS Code\DYAS-Construccion-de-Software-analisis\target\test-classes;C:\UNI\Microsoft VS Code\DYAS-Construccion-de-Software-analisis\target\classes;C:\Users\juand\.m2\repository\org\junit\jupiter\junit-jupiter-api\5.6.0\junit-jupiter-api-5.6.0.jar;C:\Users\juand\.m2\repository\org\apiguardian\apiguardian-api\1.1.0\apiguardian-api-1.1.0.jar;C:\Users\juand\.m2\repository\org\opentest4j\opentest4j\1.2.0\opentest4j-1.2.0.jar;C:\Users\juand\.m2\repository\org\junit\platform\junit-platform-commons\1.6.0\junit-platform-commons-1.6.0.jar;C:\Users\juand\.m2\repository\org\junit\jupiter\junit-jupiter-params\5.6.0\junit-jupiter-params-5.6.0.jar;C:\Users\juand\.m2\repository\org\junit\jupiter\junit-jupiter-engine\5.6.0\junit-jupiter-engine-5.6.0.jar;C:\Users\juand\.m2\repository\org\junit\platform\junit-platform-engine\1.6.0\junit-platform-engine-1.6.0.jar;C:\Users\juand\.m2\repository\org\mockito\mockito-core\2.2.5\mockito-core-2.2.5.jar;C:\Users\juand\.m2\repository\net\bytebuddy\byte-buddy\1.4.33\byte-buddy-1.4.33.jar;C:\Users\juand\.m2\repository\net\bytebuddy\byte-buddy-agent\1.4.33\byte-buddy-agent-1.4.33.jar;C:\Users\juand\.m2\repository\org\objenesis\objenesis\2.4\objenesis-2.4.jar;"/>
    <property name="sun.cpu.endian" value="little"/>
    <property name="user.home" value="C:\Users\juand"/>
    <property name="user.language" value="es"/>
    <property name="java.specification.vendor" value="Oracle Corporation"/>
    <property name="java.version.date" value="2025-03-18"/>
    <property name="java.home" value="C:\Program Files\Java\jdk-24"/>
    <property name="file.separator" value="\"/>
    <property name="basedir" value="C:\UNI\Microsoft VS Code\DYAS-Construccion-de-Software-analisis"/>
    <property name="java.vm.compressedOopsMode" value="Zero based"/>
    <property name="line.separator" value="&#10;"/>
    <property name="java.vm.specification.vendor" value="Oracle Corporation"/>
    <property name="java.specification.name" value="Java Platform API Specification"/>
    <property name="surefire.real.class.path" value="C:\Users\juand\AppData\Local\Temp\surefire8979405838692841980\surefirebooter-20250513103605181_3.jar"/>
    <property name="user.script" value=""/>
    <property name="sun.management.compiler" value="HotSpot 64-Bit Tiered Compilers"/>
    <property name="java.runtime.version" value="24+36-3646"/>
    <property name="user.name" value="juand"/>
    <property name="stdout.encoding" value="Cp1252"/>
    <property name="path.separator" value=";"/>
    <property name="os.version" value="10.0"/>
    <property name="java.runtime.name" value="Java(TM) SE Runtime Environment"/>
    <property name="file.encoding" value="UTF-8"/>
    <property name="java.vm.name" value="Java HotSpot(TM) 64-Bit Server VM"/>
    <property name="localRepository" value="C:\Users\juand\.m2\repository"/>
    <property name="java.vendor.url.bug" value="https://bugreport.java.com/bugreport/"/>
    <property name="java.io.tmpdir" value="C:\Users\juand\AppData\Local\Temp\"/>
    <property name="java.version" value="24"/>
    <property name="user.dir" value="C:\UNI\Microsoft VS Code\DYAS-Construccion-de-Software-analisis"/>
    <property name="os.arch" value="amd64"/>
    <property name="java.vm.specification.name" value="Java Virtual Machine Specification"/>
    <property name="sonar.organization" value="juandmaes1"/>
    <property name="sun.os.patch.level" value=""/>
    <property name="native.encoding" value="Cp1252"/>
    <property name="sonar.projectKey" value="juandmaes1_DYAS-Construccion-de-Software"/>
    <property name="java.library.path" value="C:\Program Files\Java\jdk-24\bin;C:\WINDOWS\Sun\Java\bin;C:\WINDOWS\system32;C:\WINDOWS;C:\Program Files\Common Files\Oracle\Java\javapath;C:\Program Files\Eclipse Adoptium\jdk-11.0.26.4-hotspot\bin;C:\WINDOWS\system32;C:\WINDOWS;C:\WINDOWS\System32\Wbem;C:\WINDOWS\System32\WindowsPowerShell\v1.0\;C:\WINDOWS\System32\OpenSSH\;C:\Program Files\Git\cmd;C:\Program Files\nodejs\;C:\Program Files\Docker\Docker\resources\bin;C:\Users\juand\OneDrive\Escritorio\sonar-scanner-cli-7.1.0.4889-windows-x64\sonar-scanner-7.1.0.4889-windows-x64\bin;C:\Users\juand\AppData\Local\Microsoft\WindowsApps;C:\UNI\Microsoft VS Code\bin;C:\Users\juand\AppData\Local\GitHubDesktop\bin;C:\UNI\apache-maven-3.9.9-bin\apache-maven-3.9.9\bin;C:\Users\juand\AppData\Roaming\npm;;."/>
    <property name="java.vm.info" value="mixed mode, sharing"/>
    <property name="stderr.encoding" value="Cp1252"/>
    <property name="java.vendor" value="Oracle Corporation"/>
    <property name="java.vm.version" value="24+36-3646"/>
    <property name="sun.io.unicode.encoding" value="UnicodeLittle"/>
    <property name="java.class.version" value="68.0"/>
  </properties>
  <testcase name="testAddAndRemoveVectorBullet" classname="com.balitechy.spacewar.main.logic.control.BulletControllerTest" time="0.003"/>
  <testcase name="testTickRemovesBulletOffScreen" classname="com.balitechy.spacewar.main.logic.control.BulletControllerTest" time="0.087"/>
  <testcase name="testTickRemovesVectorBulletOffScreen" classname="com.balitechy.spacewar.main.logic.control.BulletControllerTest" time="0.002"/>
  <testcase name="testAddAndRemoveBullet" classname="com.balitechy.spacewar.main.logic.control.BulletControllerTest" time="0.001"/>
</testsuite>